2023-09-13 23:55:23: -- Analysis Started by On File Change First Full Analyze Upon Folder Connect
2023-09-13 23:55:23: Changes: 6, Conflicts: 0, CopyTime: 0, FixState: 0, Errors: 0, All: 45
2023-09-13 23:55:23: Left to Right: Copy File: 4 Delete File: 2 
2023-09-13 23:55:23: == Sync Started by On File Change First Full Analyze Upon Folder Connect
2023-09-13 23:55:23: ConnectCloned connected to file:///C:/xampp/htdocs/ClinicalInformationManagementSystem/public/PatientFiles
2023-09-13 23:55:23: ConnectCloned connected to file:///C:/xampp/htdocs/ClinicalInformationManagementSystem/public/PatientFiles
2023-09-13 23:55:23: ConnectCloned connected to file:///C:/xampp/htdocs/ClinicalInformationManagementSystem/public/PatientFiles
2023-09-13 23:55:23: ConnectCloned connected to file:///~John Derricke/Desktop/BackupPatientFiles
2023-09-13 23:55:23: ConnectCloned connected to file:///~John Derricke/Desktop/BackupPatientFiles
2023-09-13 23:55:23: ConnectCloned connected to file:///~John Derricke/Desktop/BackupPatientFiles
2023-09-13 23:55:23: Delete File C:/Users/John Derricke/Desktop/BackupPatientFiles/20233885262KOE5t6Tpn.jpeg
2023-09-13 23:55:23: Delete File C:/Users/John Derricke/Desktop/BackupPatientFiles/20233885269BtuJmteJ2.jpg
2023-09-13 23:55:24: > Copy New 'C:/xampp/htdocs/ClinicalInformationManagementSystem/public/PatientFiles/2023316695Rt9qnbemVj.jpg' -> 'C:/Users/John Derricke/Desktop/BackupPatientFiles/2023316695Rt9qnbemVj.jpg' (1,815,196)
2023-09-13 23:55:24: > Copy New 'C:/xampp/htdocs/ClinicalInformationManagementSystem/public/PatientFiles/20233885269qraLhrxn7.jpg' -> 'C:/Users/John Derricke/Desktop/BackupPatientFiles/20233885269qraLhrxn7.jpg' (1,815,196)
2023-09-13 23:55:24: > Copy New 'C:/xampp/htdocs/ClinicalInformationManagementSystem/public/PatientFiles/20233885265x2srJi7xL.jpg' -> 'C:/Users/John Derricke/Desktop/BackupPatientFiles/20233885265x2srJi7xL.jpg' (1,791,426)
2023-09-13 23:55:24: < Copy New 'C:/xampp/htdocs/ClinicalInformationManagementSystem/public/PatientFiles/20233885269qraLhrxn7.jpg' -> 'C:/Users/John Derricke/Desktop/BackupPatientFiles/20233885269qraLhrxn7.jpg' (1,815,196)
2023-09-13 23:55:24: > Copy New 'C:/xampp/htdocs/ClinicalInformationManagementSystem/public/PatientFiles/2023388526rXuHaSMteK.jpg' -> 'C:/Users/John Derricke/Desktop/BackupPatientFiles/2023388526rXuHaSMteK.jpg' (3,409,815)
2023-09-13 23:55:24: < Copy New 'C:/xampp/htdocs/ClinicalInformationManagementSystem/public/PatientFiles/20233885265x2srJi7xL.jpg' -> 'C:/Users/John Derricke/Desktop/BackupPatientFiles/20233885265x2srJi7xL.jpg' (1,791,426)
2023-09-13 23:55:24: < Copy New 'C:/xampp/htdocs/ClinicalInformationManagementSystem/public/PatientFiles/2023316695Rt9qnbemVj.jpg' -> 'C:/Users/John Derricke/Desktop/BackupPatientFiles/2023316695Rt9qnbemVj.jpg' (1,815,196)
2023-09-13 23:55:24: < Copy New 'C:/xampp/htdocs/ClinicalInformationManagementSystem/public/PatientFiles/2023388526rXuHaSMteK.jpg' -> 'C:/Users/John Derricke/Desktop/BackupPatientFiles/2023388526rXuHaSMteK.jpg' (3,409,815)
2023-09-13 23:55:24: == Sync Complete. Time: 00:00:01, Speed: 0.00/s, OK: 6, Errors: 0
