2023-09-04 01:17:25: == Sync Started by User Command
2023-09-04 01:17:25: ConnectCloned connected to file:///C:/xampp/htdocs/ClinicalInformationManagementSystem/public/PatientFiles
2023-09-04 01:17:25: ConnectCloned connected to file:///C:/xampp/htdocs/ClinicalInformationManagementSystem/public/PatientFiles
2023-09-04 01:17:25: ConnectCloned connected to file:///C:/xampp/htdocs/ClinicalInformationManagementSystem/public/PatientFiles
2023-09-04 01:17:25: ConnectCloned connected to file:///~John Derricke/Desktop/BackupPatientFiles
2023-09-04 01:17:25: ConnectCloned connected to file:///~John Derricke/Desktop/BackupPatientFiles
2023-09-04 01:17:25: ConnectCloned connected to file:///~John Derricke/Desktop/BackupPatientFiles
2023-09-04 01:17:25: Copy New 'C:/xampp/htdocs/ClinicalInformationManagementSystem/public/PatientFiles/202318851498HD47if31.jpg' -> 'C:/Users/John Derricke/Desktop/BackupPatientFiles/202318851498HD47if31.jpg' (103,753)
2023-09-04 01:17:25: Copy New 'C:/xampp/htdocs/ClinicalInformationManagementSystem/public/PatientFiles/2023188514fOhpKfXgST.jpg' -> 'C:/Users/John Derricke/Desktop/BackupPatientFiles/2023188514fOhpKfXgST.jpg' (6,098)
2023-09-04 01:17:25: Copy New 'C:/xampp/htdocs/ClinicalInformationManagementSystem/public/PatientFiles/2023258553IZfWempI51.png' -> 'C:/Users/John Derricke/Desktop/BackupPatientFiles/2023258553IZfWempI51.png' (112,189)
2023-09-04 01:17:25: Copy New 'C:/xampp/htdocs/ClinicalInformationManagementSystem/public/PatientFiles/2023258553xeUo6Y7bxe.jpg' -> 'C:/Users/John Derricke/Desktop/BackupPatientFiles/2023258553xeUo6Y7bxe.jpg' (18,128)
2023-09-04 01:17:25: Copy New 'C:/xampp/htdocs/ClinicalInformationManagementSystem/public/PatientFiles/2023316695mzGeMtSv4i.png' -> 'C:/Users/John Derricke/Desktop/BackupPatientFiles/2023316695mzGeMtSv4i.png' (112,189)
2023-09-04 01:17:25: Copy New 'C:/xampp/htdocs/ClinicalInformationManagementSystem/public/PatientFiles/2023316695SkpG9dNx4U.jpg' -> 'C:/Users/John Derricke/Desktop/BackupPatientFiles/2023316695SkpG9dNx4U.jpg' (7,183)
2023-09-04 01:17:25: Copy New 'C:/xampp/htdocs/ClinicalInformationManagementSystem/public/PatientFiles/2023316695UWSZmhT19u.jpg' -> 'C:/Users/John Derricke/Desktop/BackupPatientFiles/2023316695UWSZmhT19u.jpg' (18,128)
2023-09-04 01:17:25: Copy New 'C:/xampp/htdocs/ClinicalInformationManagementSystem/public/PatientFiles/2023316695ZKWYxNaaf1.jpg' -> 'C:/Users/John Derricke/Desktop/BackupPatientFiles/2023316695ZKWYxNaaf1.jpg' (7,762)
2023-09-04 01:17:25: Copy New 'C:/xampp/htdocs/ClinicalInformationManagementSystem/public/PatientFiles/2023365334AeZuj2MYPg.jpg' -> 'C:/Users/John Derricke/Desktop/BackupPatientFiles/2023365334AeZuj2MYPg.jpg' (103,753)
2023-09-04 01:17:25: Copy New 'C:/xampp/htdocs/ClinicalInformationManagementSystem/public/PatientFiles/2023365334J6gu7nQZ5Q.png' -> 'C:/Users/John Derricke/Desktop/BackupPatientFiles/2023365334J6gu7nQZ5Q.png' (112,189)
2023-09-04 01:17:25: Copy New 'C:/xampp/htdocs/ClinicalInformationManagementSystem/public/PatientFiles/20236838080llvGaAAwW.jpg' -> 'C:/Users/John Derricke/Desktop/BackupPatientFiles/20236838080llvGaAAwW.jpg' (7,183)
2023-09-04 01:17:25: Copy New 'C:/xampp/htdocs/ClinicalInformationManagementSystem/public/PatientFiles/20236838085bvSStRsFM.png' -> 'C:/Users/John Derricke/Desktop/BackupPatientFiles/20236838085bvSStRsFM.png' (112,189)
2023-09-04 01:17:25: Copy New 'C:/xampp/htdocs/ClinicalInformationManagementSystem/public/PatientFiles/2023683808CauhOq9OHp.jpg' -> 'C:/Users/John Derricke/Desktop/BackupPatientFiles/2023683808CauhOq9OHp.jpg' (18,128)
2023-09-04 01:17:25: Copy New 'C:/xampp/htdocs/ClinicalInformationManagementSystem/public/PatientFiles/20236838089dNtDfJNXv.jpg' -> 'C:/Users/John Derricke/Desktop/BackupPatientFiles/20236838089dNtDfJNXv.jpg' (7,762)
2023-09-04 01:17:25: Copy New 'C:/xampp/htdocs/ClinicalInformationManagementSystem/public/PatientFiles/20237524031baWTYXtiF.jpg' -> 'C:/Users/John Derricke/Desktop/BackupPatientFiles/20237524031baWTYXtiF.jpg' (6,098)
2023-09-04 01:17:25: Copy New 'C:/xampp/htdocs/ClinicalInformationManagementSystem/public/PatientFiles/20237524032xcsQZdSM2.jpg' -> 'C:/Users/John Derricke/Desktop/BackupPatientFiles/20237524032xcsQZdSM2.jpg' (114,642)
2023-09-04 01:17:25: Copy New 'C:/xampp/htdocs/ClinicalInformationManagementSystem/public/PatientFiles/202375240378RaSbFUIw.jpg' -> 'C:/Users/John Derricke/Desktop/BackupPatientFiles/202375240378RaSbFUIw.jpg' (103,753)
2023-09-04 01:17:25: Copy New 'C:/xampp/htdocs/ClinicalInformationManagementSystem/public/PatientFiles/2023752403HRETMNrh49.jpg' -> 'C:/Users/John Derricke/Desktop/BackupPatientFiles/2023752403HRETMNrh49.jpg' (12,040)
2023-09-04 01:17:25: == Sync Complete. Time: 00:00:00, Speed: 0.00/s, OK: 18, Errors: 0
